<?xml version="1.0" encoding="UTF-8"?>
<!-- Generated by org.testng.reporters.JUnitReportReporter -->
<testsuite skipped="0" hostname="WKS22218" name="com.jiva.testcases.DemographicDataValidation_TC" tests="1" failures="0" timestamp="25 Jan 2018 01:04:46 GMT" time="32.725" errors="0">
  <testcase name="verify_screenDataWithFileData" time="32.725" classname="com.jiva.testcases.DemographicDataValidation_TC"/>
</testsuite> <!-- com.jiva.testcases.DemographicDataValidation_TC -->
