<?xml version="1.0" encoding="UTF-8"?>
<!-- Generated by org.testng.reporters.JUnitReportReporter -->
<testsuite skipped="0" hostname="WKS22218" name="com.jiva.testcases.Searchwithnames_TC" tests="1" failures="0" timestamp="22 Jan 2018 17:08:48 GMT" time="22.860" errors="0">
  <testcase name="verify_MemberSearchwithnames" time="22.860" classname="com.jiva.testcases.Searchwithnames_TC"/>
</testsuite> <!-- com.jiva.testcases.Searchwithnames_TC -->
