<?xml version="1.0" encoding="UTF-8"?>
<!-- Generated by org.testng.reporters.JUnitReportReporter -->
<testsuite skipped="0" hostname="WKS22218" name="com.jiva.testcases.E2EintegrationflowTC_ZU_60" tests="1" failures="0" timestamp="02 Feb 2018 16:09:13 GMT" time="108.367" errors="0">
  <testcase name="verify_MemberDatafromfile_toScreen" time="108.367" classname="com.jiva.testcases.E2EintegrationflowTC_ZU_60"/>
</testsuite> <!-- com.jiva.testcases.E2EintegrationflowTC_ZU_60 -->
