<?xml version="1.0" encoding="UTF-8"?>
<!-- Generated by org.testng.reporters.JUnitReportReporter -->
<testsuite skipped="0" hostname="WKS22218" name="com.jiva.testcases.ZU_60_flow" tests="1" failures="0" timestamp="23 Jan 2018 19:24:55 GMT" time="106.891" errors="0">
  <testcase name="verify_AddCMEpisodetoMember" time="106.891" classname="com.jiva.testcases.ZU_60_flow"/>
</testsuite> <!-- com.jiva.testcases.ZU_60_flow -->
