<?xml version="1.0" encoding="UTF-8"?>
<!-- Generated by org.testng.reporters.JUnitReportReporter -->
<testsuite skipped="0" hostname="WKS22218" name="com.jiva.testcases.ArrayList_MemberFilesdatawithscreendata_TC" tests="1" failures="0" timestamp="01 Feb 2018 19:13:46 GMT" time="110.304" errors="0">
  <testcase name="verify_Demographics_Datafromfile_toScreen" time="110.304" classname="com.jiva.testcases.ArrayList_MemberFilesdatawithscreendata_TC"/>
</testsuite> <!-- com.jiva.testcases.ArrayList_MemberFilesdatawithscreendata_TC -->
