<?xml version="1.0" encoding="UTF-8"?>
<!-- Generated by org.testng.reporters.JUnitReportReporter -->
<testsuite skipped="0" hostname="WKS22218" name="com.jiva.testcases.CMEpisodeCreation_TC" tests="1" failures="0" timestamp="22 Jan 2018 15:56:11 GMT" time="45.312" errors="0">
  <testcase name="verify_AddCMEpisodetoMember" time="45.312" classname="com.jiva.testcases.CMEpisodeCreation_TC"/>
</testsuite> <!-- com.jiva.testcases.CMEpisodeCreation_TC -->
