<?xml version="1.0" encoding="UTF-8"?>
<!-- Generated by org.testng.reporters.JUnitReportReporter -->
<testsuite skipped="0" hostname="WKS22218" name="com.jiva.testcases.MemberFilesdatawithscreendata_TC" tests="1" failures="0" timestamp="30 Jan 2018 02:22:31 GMT" time="112.155" errors="0">
  <testcase name="verify_Demographics_Datafromfile_toScreen" time="112.155" classname="com.jiva.testcases.MemberFilesdatawithscreendata_TC"/>
</testsuite> <!-- com.jiva.testcases.MemberFilesdatawithscreendata_TC -->
