<?xml version="1.0" encoding="UTF-8"?>
<!-- Generated by org.testng.reporters.JUnitReportReporter -->
<testsuite skipped="0" hostname="WKS22218" name="com.jiva.testcases.E2EintegrationflowTC_ZU_63" tests="1" failures="0" timestamp="05 Feb 2018 23:08:46 GMT" time="153.357" errors="0">
  <testcase name="verify_MemberDatafromfile_toScreen_ZU_63flow" time="153.357" classname="com.jiva.testcases.E2EintegrationflowTC_ZU_63"/>
</testsuite> <!-- com.jiva.testcases.E2EintegrationflowTC_ZU_63 -->
