<?xml version="1.0" encoding="UTF-8"?>
<!-- Generated by org.testng.reporters.JUnitReportReporter -->
<testsuite skipped="0" hostname="WKS22218" name="com.jiva.testcases.ZU_Calender_flow" tests="1" failures="0" timestamp="23 Jan 2018 22:50:02 GMT" time="126.293" errors="0">
  <testcase name="verify_ZU_Calender_flow" time="126.293" classname="com.jiva.testcases.ZU_Calender_flow"/>
</testsuite> <!-- com.jiva.testcases.ZU_Calender_flow -->
