<?xml version="1.0" encoding="UTF-8"?>
<!-- Generated by org.testng.reporters.JUnitReportReporter -->
<testsuite skipped="0" hostname="WKS22218" name="com.jiva.testcases.E2EintegrationflowTC_ZU_61" tests="1" failures="0" timestamp="02 Feb 2018 02:08:50 GMT" time="140.389" errors="0">
  <testcase name="verify_MemberDatafromfile_toScreen" time="140.389" classname="com.jiva.testcases.E2EintegrationflowTC_ZU_61"/>
</testsuite> <!-- com.jiva.testcases.E2EintegrationflowTC_ZU_61 -->
