<?xml version="1.0" encoding="UTF-8"?>
<!-- Generated by org.testng.reporters.JUnitReportReporter -->
<testsuite skipped="0" hostname="WKS22218" name="com.jiva.testcases.SanityTC_02" tests="1" failures="0" timestamp="17 Jan 2018 22:02:23 GMT" time="44.913" errors="0">
  <testcase name="verify_AddCMEpisodetoMember" time="44.913" classname="com.jiva.testcases.SanityTC_02"/>
</testsuite> <!-- com.jiva.testcases.SanityTC_02 -->
