<?xml version="1.0" encoding="UTF-8"?>
<!-- Generated by org.testng.reporters.JUnitReportReporter -->
<testsuite skipped="0" hostname="WKS22218" name="com.jivaUAT2.testcases.Flow1" tests="1" failures="0" timestamp="12 Feb 2018 20:17:52 GMT" time="158.051" errors="0">
  <testcase name="verify_MemberDatafromfile_toScreen_ZU_60flow" time="158.051" classname="com.jivaUAT2.testcases.Flow1"/>
</testsuite> <!-- com.jivaUAT2.testcases.Flow1 -->
