<?xml version="1.0" encoding="UTF-8"?>
<!-- Generated by org.testng.reporters.JUnitReportReporter -->
<testsuite hostname="WKS22218" name="com.jivaUAT2.testcases.SITFlows_ZU_60_TC" tests="2" failures="0" timestamp="26 Feb 2018 22:51:41 GMT" time="209.217" errors="0">
  <testcase name="verify_MemberData_fromfile_toScreen_ZU_60Integrationflow" time="99.030" classname="com.jivaUAT2.testcases.SITFlows_ZU_60_TC"/>
  <testcase name="verify_MemberData_fromfile_toScreen_ZU_60Integrationflow" time="110.187" classname="com.jivaUAT2.testcases.SITFlows_ZU_60_TC"/>
</testsuite> <!-- com.jivaUAT2.testcases.SITFlows_ZU_60_TC -->
