<?xml version="1.0" encoding="UTF-8"?>
<!-- Generated by org.testng.reporters.JUnitReportReporter -->
<testsuite hostname="WKS22218" name="com.jivaUAT2.testcases.ZU_60_E2EIntegrationFlow_TC" tests="1" failures="0" timestamp="1 Mar 2018 22:16:24 GMT" time="118.241" errors="0">
  <testcase name="verify_MemberData_fromfile_toScreen_ZU_60Integrationflow" time="118.241" classname="com.jivaUAT2.testcases.ZU_60_E2EIntegrationFlow_TC"/>
</testsuite> <!-- com.jivaUAT2.testcases.ZU_60_E2EIntegrationFlow_TC -->
