<?xml version="1.0" encoding="UTF-8"?>
<!-- Generated by org.testng.reporters.JUnitReportReporter -->
<testsuite skipped="0" hostname="WKS22218" name="com.jivaUAT2.testcases.ZU_63_Integration_HappyPath_TC" tests="1" failures="0" timestamp="09 Feb 2018 17:38:10 GMT" time="146.688" errors="0">
  <testcase name="verify_MemberDatafromfile_toScreen_ZU_60flow" time="146.688" classname="com.jivaUAT2.testcases.ZU_63_Integration_HappyPath_TC"/>
</testsuite> <!-- com.jivaUAT2.testcases.ZU_63_Integration_HappyPath_TC -->
