<?xml version="1.0" encoding="UTF-8"?>
<!-- Generated by org.testng.reporters.JUnitReportReporter -->
<testsuite hostname="WKS22218" name="com.jivaUAT2.testcases.SITFlows_ZU_61_TC" tests="2" failures="0" timestamp="26 Feb 2018 22:51:41 GMT" time="210.334" errors="0">
  <testcase name="verify_MemberData_fromfile_toScreen_ZU_61Integrationflow" time="103.842" classname="com.jivaUAT2.testcases.SITFlows_ZU_61_TC"/>
  <testcase name="verify_MemberData_fromfile_toScreen_ZU_61Integrationflow" time="106.492" classname="com.jivaUAT2.testcases.SITFlows_ZU_61_TC"/>
</testsuite> <!-- com.jivaUAT2.testcases.SITFlows_ZU_61_TC -->
