<?xml version="1.0" encoding="UTF-8"?>
<!-- Generated by org.testng.reporters.JUnitReportReporter -->
<testsuite skipped="0" hostname="WKS22218" name="com.jiva.testcases.MemberSearchwithnames_TC" tests="1" failures="0" timestamp="23 Jan 2018 22:37:11 GMT" time="22.855" errors="0">
  <testcase name="verify_MemberSearchwithnames" time="22.855" classname="com.jiva.testcases.MemberSearchwithnames_TC"/>
</testsuite> <!-- com.jiva.testcases.MemberSearchwithnames_TC -->
