<?xml version="1.0" encoding="UTF-8"?>
<!-- Generated by org.testng.reporters.JUnitReportReporter -->
<testsuite hostname="WKS22218" name="com.jivaUAT2.testcases.SITFlows_ZU_61_TC" tests="2" failures="0" timestamp="2 Mar 2018 00:05:33 GMT" time="277.826" errors="0">
  <testcase name="verify_MemberData_fromfile_toScreen_ZU_61Integrationflow" time="137.094" classname="com.jivaUAT2.testcases.SITFlows_ZU_61_TC"/>
  <testcase name="verify_MemberData_fromfile_toScreen_ZU_61Integrationflow" time="140.732" classname="com.jivaUAT2.testcases.SITFlows_ZU_61_TC"/>
</testsuite> <!-- com.jivaUAT2.testcases.SITFlows_ZU_61_TC -->
