<?xml version="1.0" encoding="UTF-8"?>
<!-- Generated by org.testng.reporters.JUnitReportReporter -->
<testsuite skipped="0" hostname="WKS22218" name="com.jiva.testcases.Sanity" tests="1" failures="0" timestamp="14 Jan 2018 03:06:04 GMT" time="42.788" errors="0">
  <testcase name="verify_loginSucessFull_Storyid_TCID" time="42.788" classname="com.jiva.testcases.Sanity"/>
</testsuite> <!-- com.jiva.testcases.Sanity -->
