<?xml version="1.0" encoding="UTF-8"?>
<!-- Generated by org.testng.reporters.JUnitReportReporter -->
<testsuite skipped="0" hostname="WKS22218" name="com.jivaUAT2.testcases.ZU_60_Sanity_TC" tests="1" failures="0" timestamp="08 Feb 2018 01:57:11 GMT" time="36.528" errors="0">
  <testcase name="verify_MemberDatafromfile_toScreen_ZU_60flow" time="36.528" classname="com.jivaUAT2.testcases.ZU_60_Sanity_TC"/>
</testsuite> <!-- com.jivaUAT2.testcases.ZU_60_Sanity_TC -->
