<?xml version="1.0" encoding="UTF-8"?>
<!-- Generated by org.testng.reporters.JUnitReportReporter -->
<testsuite skipped="0" hostname="WKS22218" name="com.jivaUAT2.testcases.Flow1" tests="1" failures="0" timestamp="20 Feb 2018 20:32:55 GMT" time="154.763" errors="0">
  <testcase name="verify_MemberData_fromfile_toScreen_ZU_60Integrationflow" time="154.763" classname="com.jivaUAT2.testcases.Flow1"/>
</testsuite> <!-- com.jivaUAT2.testcases.Flow1 -->
