<?xml version="1.0" encoding="UTF-8"?>
<!-- Generated by org.testng.reporters.JUnitReportReporter -->
<testsuite skipped="0" hostname="WKS22218" name="com.jivaUAT2.testcases.CCM_PostEnrollmentLetterGeneration_TC" tests="1" failures="0" timestamp="07 Feb 2018 20:49:33 GMT" time="147.957" errors="0">
  <testcase name="verify_MemberDatafromfile_toScreen_ZU_63flow" time="147.957" classname="com.jivaUAT2.testcases.CCM_PostEnrollmentLetterGeneration_TC"/>
</testsuite> <!-- com.jivaUAT2.testcases.CCM_PostEnrollmentLetterGeneration_TC -->
