<?xml version="1.0" encoding="UTF-8"?>
<!-- Generated by org.testng.reporters.JUnitReportReporter -->
<testsuite skipped="0" hostname="WKS22218" name="com.jiva.testcases.ReadTextFile_TC" tests="1" failures="0" timestamp="23 Jan 2018 02:46:38 GMT" time="20.699" errors="0">
  <testcase name="verify_screenDataWithFileData" time="20.699" classname="com.jiva.testcases.ReadTextFile_TC"/>
</testsuite> <!-- com.jiva.testcases.ReadTextFile_TC -->
