<?xml version="1.0" encoding="UTF-8"?>
<!-- Generated by org.testng.reporters.JUnitReportReporter -->
<testsuite hostname="WKS22218" name="com.jivaUAT2.testcases.SITFlows_ZU_63_TC" tests="2" failures="0" timestamp="2 Mar 2018 00:05:32 GMT" time="362.333" errors="0">
  <testcase name="verify_MemberData_fromfile_toScreen_ZU_60Integrationflow" time="182.771" classname="com.jivaUAT2.testcases.SITFlows_ZU_63_TC"/>
  <testcase name="verify_MemberData_fromfile_toScreen_ZU_60Integrationflow" time="179.562" classname="com.jivaUAT2.testcases.SITFlows_ZU_63_TC"/>
</testsuite> <!-- com.jivaUAT2.testcases.SITFlows_ZU_63_TC -->
