<?xml version="1.0" encoding="UTF-8"?>
<!-- Generated by org.testng.reporters.JUnitReportReporter -->
<testsuite skipped="0" hostname="WKS22218" name="com.jiva.testcases.WorklistsTC_02" tests="1" failures="0" timestamp="18 Jan 2018 22:18:06 GMT" time="25.306" errors="0">
  <testcase name="verify_WorklistsEpisodes" time="25.306" classname="com.jiva.testcases.WorklistsTC_02"/>
</testsuite> <!-- com.jiva.testcases.WorklistsTC_02 -->
