<?xml version="1.0" encoding="UTF-8"?>
<!-- Generated by org.testng.reporters.JUnitReportReporter -->
<testsuite skipped="0" hostname="WKS22218" name="com.jivaUAT2.testcases.CCM_MemberOptOutLetterGeneration_TC" tests="1" failures="0" timestamp="07 Feb 2018 20:49:33 GMT" time="107.414" errors="0">
  <testcase name="verify_MemberDatafromfile_toScreen_ZU_61flow" time="107.414" classname="com.jivaUAT2.testcases.CCM_MemberOptOutLetterGeneration_TC"/>
</testsuite> <!-- com.jivaUAT2.testcases.CCM_MemberOptOutLetterGeneration_TC -->
