<?xml version="1.0" encoding="UTF-8"?>
<!-- Generated by org.testng.reporters.JUnitReportReporter -->
<testsuite skipped="0" hostname="WKS22218" name="com.jivaUAT2.testcases.Flow2" tests="1" failures="0" timestamp="12 Feb 2018 17:38:57 GMT" time="92.972" errors="0">
  <testcase name="verify_MemberDatafromfile_toScreen_ZU_60flow" time="92.972" classname="com.jivaUAT2.testcases.Flow2"/>
</testsuite> <!-- com.jivaUAT2.testcases.Flow2 -->
