<?xml version="1.0" encoding="UTF-8"?>
<!-- Generated by org.testng.reporters.JUnitReportReporter -->
<testsuite hostname="WKS22218" name="com.jivaUAT2.testcases.SITFlows_ZU_60_TC" tests="2" failures="0" timestamp="2 Mar 2018 00:05:32 GMT" time="281.322" errors="0">
  <testcase name="verify_MemberData_fromfile_toScreen_ZU_60Integrationflow" time="140.843" classname="com.jivaUAT2.testcases.SITFlows_ZU_60_TC"/>
  <testcase name="verify_MemberData_fromfile_toScreen_ZU_60Integrationflow" time="140.479" classname="com.jivaUAT2.testcases.SITFlows_ZU_60_TC"/>
</testsuite> <!-- com.jivaUAT2.testcases.SITFlows_ZU_60_TC -->
