<?xml version="1.0" encoding="UTF-8"?>
<!-- Generated by org.testng.reporters.JUnitReportReporter -->
<testsuite skipped="0" hostname="WKS22218" name="com.jivaUAT2.testcases.CCM_UTCLetterGeneration_TC" tests="1" failures="0" timestamp="08 Feb 2018 15:33:28 GMT" time="100.047" errors="0">
  <testcase name="verify_MemberDatafromfile_toScreen_ZU_60flow" time="100.047" classname="com.jivaUAT2.testcases.CCM_UTCLetterGeneration_TC"/>
</testsuite> <!-- com.jivaUAT2.testcases.CCM_UTCLetterGeneration_TC -->
