<?xml version="1.0" encoding="UTF-8"?>
<!-- Generated by org.testng.reporters.JUnitReportReporter -->
<testsuite skipped="0" hostname="WKS22218" name="com.jivaUAT2.testcases.ZU_60_Integrationflow_TC_V1" tests="1" failures="0" timestamp="09 Feb 2018 16:03:01 GMT" time="29.898" errors="0">
  <testcase name="verify_MemberDatafromfile_toScreen_ZU_60flow" time="29.898" classname="com.jivaUAT2.testcases.ZU_60_Integrationflow_TC_V1"/>
</testsuite> <!-- com.jivaUAT2.testcases.ZU_60_Integrationflow_TC_V1 -->
