<?xml version="1.0" encoding="UTF-8"?>
<!-- Generated by org.testng.reporters.JUnitReportReporter -->
<testsuite hostname="WKS22218" name="com.jivaUAT2.testcases.ZU_63_HappyPath_TC" tests="1" failures="0" timestamp="26 Feb 2018 22:01:36 GMT" time="144.962" errors="0">
  <testcase name="verify_MemberDatafromfile_toScreen_ZU_60flow" time="144.962" classname="com.jivaUAT2.testcases.ZU_63_HappyPath_TC"/>
</testsuite> <!-- com.jivaUAT2.testcases.ZU_63_HappyPath_TC -->
