<?xml version="1.0" encoding="UTF-8"?>
<!-- Generated by org.testng.reporters.JUnitReportReporter -->
<testsuite skipped="0" hostname="WKS22218" name="com.jivaUAT2.testcases.ZU_63_HappyPath_TC" tests="1" failures="0" timestamp="23 Feb 2018 20:42:16 GMT" time="145.132" errors="0">
  <testcase name="verify_MemberDatafromfile_toScreen_ZU_60flow" time="145.132" classname="com.jivaUAT2.testcases.ZU_63_HappyPath_TC"/>
</testsuite> <!-- com.jivaUAT2.testcases.ZU_63_HappyPath_TC -->
