<?xml version="1.0" encoding="UTF-8"?>
<!-- Generated by org.testng.reporters.JUnitReportReporter -->
<testsuite skipped="0" hostname="WKS22218" name="com.jiva.testcases.DemographicDataValidation_TC" tests="1" failures="0" timestamp="29 Jan 2018 22:20:20 GMT" time="103.899" errors="0">
  <testcase name="verify_screenDataWithFileData" time="103.899" classname="com.jiva.testcases.DemographicDataValidation_TC"/>
</testsuite> <!-- com.jiva.testcases.DemographicDataValidation_TC -->
