<?xml version="1.0" encoding="UTF-8"?>
<!-- Generated by org.testng.reporters.JUnitReportReporter -->
<testsuite skipped="0" hostname="WKS22218" name="com.jiva.testcases.SanityTC_03" tests="1" failures="0" timestamp="18 Jan 2018 19:23:54 GMT" time="51.720" errors="0">
  <testcase name="verify_AddCMEpisodetoMember" time="51.720" classname="com.jiva.testcases.SanityTC_03"/>
</testsuite> <!-- com.jiva.testcases.SanityTC_03 -->
