<?xml version="1.0" encoding="UTF-8"?>
<!-- Generated by org.testng.reporters.JUnitReportReporter -->
<testsuite hostname="WKS22218" name="com.jivaUAT2.testcases.Workingcase_Flow2" tests="1" failures="0" timestamp="26 Feb 2018 21:22:53 GMT" time="106.699" errors="0">
  <testcase name="verify_MemberData_fromfile_toScreen_ZU_60Integrationflow" time="106.699" classname="com.jivaUAT2.testcases.Workingcase_Flow2"/>
</testsuite> <!-- com.jivaUAT2.testcases.Workingcase_Flow2 -->
