<?xml version="1.0" encoding="UTF-8"?>
<!-- Generated by org.testng.reporters.JUnitReportReporter -->
<testsuite skipped="0" hostname="WKS22218" name="com.jiva.testcases.CCM_UTCLetterGeneration_TC" tests="1" failures="0" timestamp="07 Feb 2018 17:59:07 GMT" time="92.019" errors="0">
  <testcase name="verify_MemberDatafromfile_toScreen_ZU_60flow" time="92.019" classname="com.jiva.testcases.CCM_UTCLetterGeneration_TC"/>
</testsuite> <!-- com.jiva.testcases.CCM_UTCLetterGeneration_TC -->
