<?xml version="1.0" encoding="UTF-8"?>
<!-- Generated by org.testng.reporters.JUnitReportReporter -->
<testsuite skipped="0" hostname="WKS22218" name="com.jivaUAT2.testcases.Workingcase_Flow2" tests="1" failures="0" timestamp="20 Feb 2018 17:31:08 GMT" time="96.386" errors="0">
  <testcase name="verify_MemberDatafromfile_toScreen_ZU_60flow" time="96.386" classname="com.jivaUAT2.testcases.Workingcase_Flow2"/>
</testsuite> <!-- com.jivaUAT2.testcases.Workingcase_Flow2 -->
