<?xml version="1.0" encoding="UTF-8"?>
<!-- Generated by org.testng.reporters.JUnitReportReporter -->
<testsuite skipped="0" hostname="WKS22218" name="com.jivaUAT2.testcases.ZU_60_Integration_HappyPath_TC" tests="1" failures="0" timestamp="12 Feb 2018 21:42:16 GMT" time="106.629" errors="0">
  <testcase name="verify_MemberDatafromfile_toScreen_ZU_60flow" time="106.629" classname="com.jivaUAT2.testcases.ZU_60_Integration_HappyPath_TC"/>
</testsuite> <!-- com.jivaUAT2.testcases.ZU_60_Integration_HappyPath_TC -->
