<?xml version="1.0" encoding="UTF-8"?>
<!-- Generated by org.testng.reporters.JUnitReportReporter -->
<testsuite hostname="WKS22218" name="com.jivaUAT2.testcases.Flow1" tests="1" failures="0" timestamp="26 Feb 2018 20:58:12 GMT" time="100.106" errors="0">
  <testcase name="verify_MemberData_fromfile_toScreen_ZU_60Integrationflow" time="100.106" classname="com.jivaUAT2.testcases.Flow1"/>
</testsuite> <!-- com.jivaUAT2.testcases.Flow1 -->
